<?xml version="1.0" encoding="UTF-8"?>
<testsuites>
  <testsuite name="digital.vasic.yole.format.markdown.MarkdownParserTests"
             tests="25" failures="0" errors="0" skipped="0" time="1.234">
    <testcase name="ParseHeading"
              classname="digital.vasic.yole.format.markdown.MarkdownParserTests"
              time="0.015"/>
    <testcase name="ParseBoldItalic"
              classname="digital.vasic.yole.format.markdown.MarkdownParserTests"
              time="0.008"/>
    <testcase name="ParseCodeBlock"
              classname="digital.vasic.yole.format.markdown.MarkdownParserTests"
              time="0.012"/>
  </testsuite>
  <testsuite name="digital.vasic.yole.format.todotxt.TodoTxtParserTests"
             tests="18" failures="1" errors="0" skipped="0" time="0.567">
    <testcase name="ParsePriority"
              classname="digital.vasic.yole.format.todotxt.TodoTxtParserTests"
              time="0.005"/>
    <testcase name="ParseContext"
              classname="digital.vasic.yole.format.todotxt.TodoTxtParserTests"
              time="0.003">
      <failure message="Expected @home but got @work"
               type="AssertionError">
        Expected @home but got @work
        at TodoTxtParserTests.kt:42
      </failure>
    </testcase>
  </testsuite>
</testsuites>
